c:\users\test\desktop\pin-3.11-97998-g7ecce2dac-msvc-windows\pin-3.11-97998-g7ecce2dac-msvc-windows\source\tools\tracevizpintool rc\debug\vc142.pdb
c:\users\test\desktop\pin-3.11-97998-g7ecce2dac-msvc-windows\pin-3.11-97998-g7ecce2dac-msvc-windows\source\tools\tracevizpintool rc\debug\utils.obj
c:\users\test\desktop\pin-3.11-97998-g7ecce2dac-msvc-windows\pin-3.11-97998-g7ecce2dac-msvc-windows\source\tools\tracevizpintool rc\debug\traceviz.obj
c:\users\test\desktop\pin-3.11-97998-g7ecce2dac-msvc-windows\pin-3.11-97998-g7ecce2dac-msvc-windows\source\tools\tracevizpintool rc\debug\urldownloadtofile.obj
c:\users\test\desktop\pin-3.11-97998-g7ecce2dac-msvc-windows\pin-3.11-97998-g7ecce2dac-msvc-windows\source\tools\tracevizpintool rc\debug\shellexecute.obj
c:\users\test\desktop\pin-3.11-97998-g7ecce2dac-msvc-windows\pin-3.11-97998-g7ecce2dac-msvc-windows\source\tools\tracevizpintool rc\debug\internetopenurl.obj
c:\users\test\desktop\pin-3.11-97998-g7ecce2dac-msvc-windows\pin-3.11-97998-g7ecce2dac-msvc-windows\source\tools\tracevizpintool rc\debug\createprocess.obj
c:\users\test\desktop\pin-3.11-97998-g7ecce2dac-msvc-windows\pin-3.11-97998-g7ecce2dac-msvc-windows\source\tools\tracevizpintool rc\debug\dotgenerator2.obj
c:\users\test\desktop\pin-3.11-97998-g7ecce2dac-msvc-windows\pin-3.11-97998-g7ecce2dac-msvc-windows\source\tools\tracevizpintool rc\debug\loadlibrary.obj
c:\users\test\desktop\pin-3.11-97998-g7ecce2dac-msvc-windows\pin-3.11-97998-g7ecce2dac-msvc-windows\source\tools\tracevizpintool rc\debug\getprocaddress.obj
c:\users\test\desktop\pin-3.11-97998-g7ecce2dac-msvc-windows\pin-3.11-97998-g7ecce2dac-msvc-windows\source\tools\tracevizpintool rc\debug\tracevizpintool.dll
c:\users\test\desktop\pin-3.11-97998-g7ecce2dac-msvc-windows\pin-3.11-97998-g7ecce2dac-msvc-windows\source\tools\tracevizpintool rc\debug\tracevizpintool.pdb
c:\users\test\desktop\pin-3.11-97998-g7ecce2dac-msvc-windows\pin-3.11-97998-g7ecce2dac-msvc-windows\source\tools\tracevizpintool rc\debug\tracevizpintool.lib
c:\users\test\desktop\pin-3.11-97998-g7ecce2dac-msvc-windows\pin-3.11-97998-g7ecce2dac-msvc-windows\source\tools\tracevizpintool rc\debug\tracevizpintool.exp
c:\users\test\desktop\pin-3.11-97998-g7ecce2dac-msvc-windows\pin-3.11-97998-g7ecce2dac-msvc-windows\source\tools\tracevizpintool rc\debug\tracevizpintool.tlog\cl.command.1.tlog
c:\users\test\desktop\pin-3.11-97998-g7ecce2dac-msvc-windows\pin-3.11-97998-g7ecce2dac-msvc-windows\source\tools\tracevizpintool rc\debug\tracevizpintool.tlog\cl.read.1.tlog
c:\users\test\desktop\pin-3.11-97998-g7ecce2dac-msvc-windows\pin-3.11-97998-g7ecce2dac-msvc-windows\source\tools\tracevizpintool rc\debug\tracevizpintool.tlog\cl.write.1.tlog
c:\users\test\desktop\pin-3.11-97998-g7ecce2dac-msvc-windows\pin-3.11-97998-g7ecce2dac-msvc-windows\source\tools\tracevizpintool rc\debug\tracevizpintool.tlog\link.command.1.tlog
c:\users\test\desktop\pin-3.11-97998-g7ecce2dac-msvc-windows\pin-3.11-97998-g7ecce2dac-msvc-windows\source\tools\tracevizpintool rc\debug\tracevizpintool.tlog\link.read.1.tlog
c:\users\test\desktop\pin-3.11-97998-g7ecce2dac-msvc-windows\pin-3.11-97998-g7ecce2dac-msvc-windows\source\tools\tracevizpintool rc\debug\tracevizpintool.tlog\link.write.1.tlog
c:\users\test\desktop\pin-3.11-97998-g7ecce2dac-msvc-windows\pin-3.11-97998-g7ecce2dac-msvc-windows\source\tools\tracevizpintool rc\debug\tracevizpintool.tlog\tracevizpintool.write.1u.tlog
